Using pre-set license

 COMMAND LINE ARGUMENTS:
/Applications/Unity/Unity.app/Contents/MacOS/Unity
-adb2
-batchMode
-noUpm
-name
AssetImportWorker0
-projectPath
/Users/365tube/Downloads/Flab Team5
-logFile
Logs/AssetImportWorker0.log
-srvPort
64314
Successfully changed project path to: /Users/365tube/Downloads/Flab Team5
/Users/365tube/Downloads/Flab Team5
Using Asset Import Pipeline V2.
Refreshing native plugins compatible for Editor in 111.88 ms, found 1 plugins.
Preloading 0 native plugins for Editor in 0.00 ms.
Initialize engine version: 2021.1.0f1 (61a549675243)
[Subsystems] Discovering subsystems at path /Applications/Unity/Unity.app/Contents/Resources/UnitySubsystems
[Subsystems] Discovering subsystems at path /Users/365tube/Downloads/Flab Team5/Assets
GfxDevice: creating device client; threaded=0; jobified=0
2021-06-13 00:04:28.960 Unity[27768:1983646] Color LCD preferred device: Intel(R) Iris(TM) Plus Graphics (low power)
2021-06-13 00:04:28.961 Unity[27768:1983646] Metal devices available: 1
2021-06-13 00:04:28.961 Unity[27768:1983646] 0: Intel(R) Iris(TM) Plus Graphics (low power)
2021-06-13 00:04:28.961 Unity[27768:1983646] Using device Intel(R) Iris(TM) Plus Graphics (low power)
Initializing Metal device caps: Intel(R) Iris(TM) Plus Graphics
Initialize mono
Mono path[0] = '/Applications/Unity/Unity.app/Contents/Managed'
Mono path[1] = '/Applications/Unity/Unity.app/Contents/MonoBleedingEdge/lib/mono/unityjit'
Mono config path = '/Applications/Unity/Unity.app/Contents/MonoBleedingEdge/etc'
Using monoOptions --debugger-agent=transport=dt_socket,embedding=1,server=y,suspend=n,address=127.0.0.1:56768
Begin MonoManager ReloadAssembly
Registering precompiled unity dll's ...
Register platform support module: /Applications/Unity/Unity.app/Contents/PlaybackEngines/MacStandaloneSupport/UnityEditor.OSXStandalone.Extensions.dll
Registered in 0.003501 seconds.
Native extension for OSXStandalone target not found
Refreshing native plugins compatible for Editor in 121.01 ms, found 1 plugins.
Preloading 0 native plugins for Editor in 0.00 ms.
Mono: successfully reloaded assembly
- Completed reload, in  4.023 seconds
Platform modules already initialized, skipping
Registering precompiled user dll's ...
Registered in 0.006147 seconds.
Begin MonoManager ReloadAssembly
Native extension for OSXStandalone target not found
Refreshing native plugins compatible for Editor in 0.53 ms, found 1 plugins.
Preloading 0 native plugins for Editor in 0.00 ms.
Mono: successfully reloaded assembly
- Completed reload, in  1.573 seconds
Platform modules already initialized, skipping
========================================================================
Worker process is ready to serve import requests
Launching external process: /Applications/Unity/Unity.app/Contents/Tools/UnityShaderCompiler
Launched and connected shader compiler UnityShaderCompiler after 0.04 seconds
Refreshing native plugins compatible for Editor in 1.11 ms, found 1 plugins.
Preloading 0 native plugins for Editor in 0.00 ms.
Unloading 2681 Unused Serialized files (Serialized files now loaded: 0)
System memory in use before: 170.3 MB.
System memory in use after: 170.5 MB.

Unloading 15 unused Assets to reduce memory usage. Loaded Objects now: 3139.
Total: 2.966056 ms (FindLiveObjects: 0.291209 ms CreateObjectMapping: 0.121512 ms MarkObjects: 2.422593 ms  DeleteObjects: 0.128992 ms)

========================================================================
Received Import Request.
  path: Assets/Free LowPoly SciFi Pack/Scenes/DemoScene.unity
  artifactKey: Guid(a6096f87c0bb6ae47affc4d9c4af4beb) Importer(815301076,1909f56bfc062723c751e8b465ee728b)
Start importing Assets/Free LowPoly SciFi Pack/Scenes/DemoScene.unity using Guid(a6096f87c0bb6ae47affc4d9c4af4beb) Importer(815301076,1909f56bfc062723c751e8b465ee728b)  -> (artifact id: '747212453609bb0d2a1b32fff5a8f50e') in 0.023401 seconds 
========================================================================
Received Prepare
Registering precompiled user dll's ...
Registered in 0.015985 seconds.
Begin MonoManager ReloadAssembly
Native extension for OSXStandalone target not found
Refreshing native plugins compatible for Editor in 0.75 ms, found 1 plugins.
Preloading 0 native plugins for Editor in 0.00 ms.
Mono: successfully reloaded assembly
- Completed reload, in  4.648 seconds
Platform modules already initialized, skipping
Refreshing native plugins compatible for Editor in 0.92 ms, found 1 plugins.
Preloading 0 native plugins for Editor in 0.00 ms.
Unloading 2676 Unused Serialized files (Serialized files now loaded: 0)
System memory in use before: 170.8 MB.
System memory in use after: 171.0 MB.

Unloading 10 unused Assets to reduce memory usage. Loaded Objects now: 3142.
Total: 6.634061 ms (FindLiveObjects: 0.943799 ms CreateObjectMapping: 0.308317 ms MarkObjects: 5.159608 ms  DeleteObjects: 0.217746 ms)

========================================================================
Received Prepare
Registering precompiled user dll's ...
Registered in 0.010052 seconds.
Begin MonoManager ReloadAssembly
Native extension for OSXStandalone target not found
Refreshing native plugins compatible for Editor in 0.56 ms, found 1 plugins.
Preloading 0 native plugins for Editor in 0.00 ms.
Mono: successfully reloaded assembly
- Completed reload, in  1.311 seconds
Platform modules already initialized, skipping
Refreshing native plugins compatible for Editor in 0.62 ms, found 1 plugins.
Preloading 0 native plugins for Editor in 0.00 ms.
Unloading 2676 Unused Serialized files (Serialized files now loaded: 0)
System memory in use before: 171.2 MB.
System memory in use after: 171.4 MB.

Unloading 10 unused Assets to reduce memory usage. Loaded Objects now: 3145.
Total: 2.436856 ms (FindLiveObjects: 0.285337 ms CreateObjectMapping: 0.118332 ms MarkObjects: 1.966278 ms  DeleteObjects: 0.065211 ms)

========================================================================
Received Prepare
Registering precompiled user dll's ...
Registered in 0.009891 seconds.
Begin MonoManager ReloadAssembly
Native extension for OSXStandalone target not found
Refreshing native plugins compatible for Editor in 1.04 ms, found 1 plugins.
Preloading 0 native plugins for Editor in 0.00 ms.
Mono: successfully reloaded assembly
- Completed reload, in  2.955 seconds
Platform modules already initialized, skipping
Refreshing native plugins compatible for Editor in 0.85 ms, found 1 plugins.
Preloading 0 native plugins for Editor in 0.00 ms.
Unloading 2676 Unused Serialized files (Serialized files now loaded: 0)
System memory in use before: 171.5 MB.
System memory in use after: 171.7 MB.

Unloading 10 unused Assets to reduce memory usage. Loaded Objects now: 3148.
Total: 3.429245 ms (FindLiveObjects: 0.342955 ms CreateObjectMapping: 0.142213 ms MarkObjects: 2.823802 ms  DeleteObjects: 0.117397 ms)

========================================================================
Received Prepare
Registering precompiled user dll's ...
Registered in 0.014255 seconds.
Begin MonoManager ReloadAssembly
Native extension for OSXStandalone target not found
Refreshing native plugins compatible for Editor in 0.88 ms, found 1 plugins.
Preloading 0 native plugins for Editor in 0.00 ms.
Mono: successfully reloaded assembly
- Completed reload, in  2.945 seconds
Platform modules already initialized, skipping
Refreshing native plugins compatible for Editor in 1.07 ms, found 1 plugins.
Preloading 0 native plugins for Editor in 0.00 ms.
Unloading 2676 Unused Serialized files (Serialized files now loaded: 0)
System memory in use before: 171.8 MB.
System memory in use after: 172.0 MB.

Unloading 10 unused Assets to reduce memory usage. Loaded Objects now: 3151.
Total: 3.730906 ms (FindLiveObjects: 0.375622 ms CreateObjectMapping: 0.224109 ms MarkObjects: 3.017547 ms  DeleteObjects: 0.110279 ms)

========================================================================
Received Prepare
Registering precompiled user dll's ...
Registered in 0.015144 seconds.
Begin MonoManager ReloadAssembly
Native extension for OSXStandalone target not found
Refreshing native plugins compatible for Editor in 0.84 ms, found 1 plugins.
Preloading 0 native plugins for Editor in 0.00 ms.
Mono: successfully reloaded assembly
- Completed reload, in  4.795 seconds
Platform modules already initialized, skipping
Refreshing native plugins compatible for Editor in 0.63 ms, found 1 plugins.
Preloading 0 native plugins for Editor in 0.00 ms.
Unloading 2676 Unused Serialized files (Serialized files now loaded: 0)
System memory in use before: 172.1 MB.
System memory in use after: 172.3 MB.

Unloading 10 unused Assets to reduce memory usage. Loaded Objects now: 3154.
Total: 4.422528 ms (FindLiveObjects: 0.447324 ms CreateObjectMapping: 0.236325 ms MarkObjects: 3.645960 ms  DeleteObjects: 0.090608 ms)

========================================================================
Received Import Request.
  Time since last request: 80538.884224 seconds.
  path: Assets/Ememy.cs
  artifactKey: Guid(5ecc4bfb2a6c64e0a8881e58d4d4e6b6) Importer(815301076,1909f56bfc062723c751e8b465ee728b)
Start importing Assets/Ememy.cs using Guid(5ecc4bfb2a6c64e0a8881e58d4d4e6b6) Importer(815301076,1909f56bfc062723c751e8b465ee728b)  -> (artifact id: '6b8320dcba0054ea4607fc554cfceefd') in 6.024574 seconds 
========================================================================
Received Import Request.
  Time since last request: 0.000969 seconds.
  path: Assets/Coin.cs
  artifactKey: Guid(c51fe2097f8b04067b3f850b7b854db1) Importer(815301076,1909f56bfc062723c751e8b465ee728b)
Start importing Assets/Coin.cs using Guid(c51fe2097f8b04067b3f850b7b854db1) Importer(815301076,1909f56bfc062723c751e8b465ee728b)  -> (artifact id: '5c511cc92bcd550f77239ed22e177a14') in 0.004113 seconds 
========================================================================
Received Import Request.
  Time since last request: 1527.962618 seconds.
  path: Assets/Score.cs
  artifactKey: Guid(1ff95e6bf29e34740a923cb95059bac5) Importer(815301076,1909f56bfc062723c751e8b465ee728b)
Start importing Assets/Score.cs using Guid(1ff95e6bf29e34740a923cb95059bac5) Importer(815301076,1909f56bfc062723c751e8b465ee728b)  -> (artifact id: '5b4a2bbac4950ab0b42c2f695025eeb6') in 0.041369 seconds 
========================================================================
Received Prepare
Registering precompiled user dll's ...
Registered in 0.004097 seconds.
Begin MonoManager ReloadAssembly
Native extension for OSXStandalone target not found
Refreshing native plugins compatible for Editor in 1.22 ms, found 1 plugins.
Preloading 0 native plugins for Editor in 0.00 ms.
Mono: successfully reloaded assembly
- Completed reload, in  3.160 seconds
Platform modules already initialized, skipping
Refreshing native plugins compatible for Editor in 0.71 ms, found 1 plugins.
Preloading 0 native plugins for Editor in 0.00 ms.
Unloading 2677 Unused Serialized files (Serialized files now loaded: 0)
System memory in use before: 177.0 MB.
System memory in use after: 177.2 MB.

Unloading 10 unused Assets to reduce memory usage. Loaded Objects now: 3158.
Total: 7.988040 ms (FindLiveObjects: 0.781101 ms CreateObjectMapping: 0.130839 ms MarkObjects: 6.471141 ms  DeleteObjects: 0.601696 ms)

========================================================================
Received Prepare
Registering precompiled user dll's ...
Registered in 0.005936 seconds.
Begin MonoManager ReloadAssembly
Native extension for OSXStandalone target not found
Refreshing native plugins compatible for Editor in 0.69 ms, found 1 plugins.
Preloading 0 native plugins for Editor in 0.00 ms.
Mono: successfully reloaded assembly
- Completed reload, in  2.363 seconds
Platform modules already initialized, skipping
Refreshing native plugins compatible for Editor in 1.50 ms, found 1 plugins.
Preloading 0 native plugins for Editor in 0.00 ms.
Unloading 2677 Unused Serialized files (Serialized files now loaded: 0)
System memory in use before: 178.2 MB.
System memory in use after: 178.4 MB.

Unloading 10 unused Assets to reduce memory usage. Loaded Objects now: 3161.
Total: 7.874450 ms (FindLiveObjects: 0.656706 ms CreateObjectMapping: 0.453904 ms MarkObjects: 6.648424 ms  DeleteObjects: 0.111721 ms)

========================================================================
Received Prepare
Registering precompiled user dll's ...
Registered in 0.004058 seconds.
Begin MonoManager ReloadAssembly
Native extension for OSXStandalone target not found
Refreshing native plugins compatible for Editor in 1.20 ms, found 1 plugins.
Preloading 0 native plugins for Editor in 0.00 ms.
Mono: successfully reloaded assembly
- Completed reload, in  2.329 seconds
Platform modules already initialized, skipping
Refreshing native plugins compatible for Editor in 0.89 ms, found 1 plugins.
Preloading 0 native plugins for Editor in 0.00 ms.
Unloading 2677 Unused Serialized files (Serialized files now loaded: 0)
System memory in use before: 178.4 MB.
System memory in use after: 178.6 MB.

Unloading 10 unused Assets to reduce memory usage. Loaded Objects now: 3164.
Total: 7.325949 ms (FindLiveObjects: 0.407134 ms CreateObjectMapping: 2.436499 ms MarkObjects: 4.388580 ms  DeleteObjects: 0.091428 ms)

========================================================================
Received Prepare
Registering precompiled user dll's ...
Registered in 0.004511 seconds.
Begin MonoManager ReloadAssembly
Native extension for OSXStandalone target not found
Refreshing native plugins compatible for Editor in 0.68 ms, found 1 plugins.
Preloading 0 native plugins for Editor in 0.00 ms.
Mono: successfully reloaded assembly
- Completed reload, in  2.469 seconds
Platform modules already initialized, skipping
Refreshing native plugins compatible for Editor in 1.04 ms, found 1 plugins.
Preloading 0 native plugins for Editor in 0.00 ms.
Unloading 2677 Unused Serialized files (Serialized files now loaded: 0)
System memory in use before: 178.7 MB.
System memory in use after: 178.9 MB.

Unloading 10 unused Assets to reduce memory usage. Loaded Objects now: 3167.
Total: 5.139470 ms (FindLiveObjects: 0.404716 ms CreateObjectMapping: 0.210707 ms MarkObjects: 4.217259 ms  DeleteObjects: 0.304435 ms)

========================================================================
Received Prepare
Registering precompiled user dll's ...
Registered in 0.003915 seconds.
Begin MonoManager ReloadAssembly
Native extension for OSXStandalone target not found
Refreshing native plugins compatible for Editor in 0.73 ms, found 1 plugins.
Preloading 0 native plugins for Editor in 0.00 ms.
Mono: successfully reloaded assembly
- Completed reload, in  2.273 seconds
Platform modules already initialized, skipping
Refreshing native plugins compatible for Editor in 0.95 ms, found 1 plugins.
Preloading 0 native plugins for Editor in 0.00 ms.
Unloading 2677 Unused Serialized files (Serialized files now loaded: 0)
System memory in use before: 179.0 MB.
System memory in use after: 179.2 MB.

Unloading 10 unused Assets to reduce memory usage. Loaded Objects now: 3170.
Total: 4.420260 ms (FindLiveObjects: 0.277016 ms CreateObjectMapping: 0.127958 ms MarkObjects: 3.917114 ms  DeleteObjects: 0.095546 ms)

========================================================================
Received Prepare
Registering precompiled user dll's ...
Registered in 0.003099 seconds.
Begin MonoManager ReloadAssembly
Native extension for OSXStandalone target not found
Refreshing native plugins compatible for Editor in 0.90 ms, found 1 plugins.
Preloading 0 native plugins for Editor in 0.00 ms.
Mono: successfully reloaded assembly
- Completed reload, in  2.637 seconds
Platform modules already initialized, skipping
Refreshing native plugins compatible for Editor in 0.95 ms, found 1 plugins.
Preloading 0 native plugins for Editor in 0.00 ms.
Unloading 2677 Unused Serialized files (Serialized files now loaded: 0)
System memory in use before: 179.3 MB.
System memory in use after: 179.5 MB.

Unloading 10 unused Assets to reduce memory usage. Loaded Objects now: 3173.
Total: 4.371181 ms (FindLiveObjects: 0.429724 ms CreateObjectMapping: 0.170318 ms MarkObjects: 3.648806 ms  DeleteObjects: 0.118954 ms)

========================================================================
Received Prepare
Registering precompiled user dll's ...
Registered in 0.022846 seconds.
Begin MonoManager ReloadAssembly
Native extension for OSXStandalone target not found
Refreshing native plugins compatible for Editor in 0.65 ms, found 1 plugins.
Preloading 0 native plugins for Editor in 0.00 ms.
Mono: successfully reloaded assembly
- Completed reload, in  2.837 seconds
Platform modules already initialized, skipping
Refreshing native plugins compatible for Editor in 0.70 ms, found 1 plugins.
Preloading 0 native plugins for Editor in 0.00 ms.
Unloading 2677 Unused Serialized files (Serialized files now loaded: 0)
System memory in use before: 179.6 MB.
System memory in use after: 179.8 MB.

Unloading 10 unused Assets to reduce memory usage. Loaded Objects now: 3176.
Total: 2.841604 ms (FindLiveObjects: 0.289369 ms CreateObjectMapping: 0.114510 ms MarkObjects: 2.294291 ms  DeleteObjects: 0.141173 ms)

========================================================================
Received Prepare
Registering precompiled user dll's ...
Registered in 0.003393 seconds.
Begin MonoManager ReloadAssembly
Native extension for OSXStandalone target not found
Refreshing native plugins compatible for Editor in 0.95 ms, found 1 plugins.
Preloading 0 native plugins for Editor in 0.00 ms.
Mono: successfully reloaded assembly
- Completed reload, in  2.286 seconds
Platform modules already initialized, skipping
Refreshing native plugins compatible for Editor in 0.92 ms, found 1 plugins.
Preloading 0 native plugins for Editor in 0.00 ms.
Unloading 2677 Unused Serialized files (Serialized files now loaded: 0)
System memory in use before: 179.9 MB.
System memory in use after: 180.1 MB.

Unloading 10 unused Assets to reduce memory usage. Loaded Objects now: 3179.
Total: 4.945680 ms (FindLiveObjects: 0.448460 ms CreateObjectMapping: 0.228305 ms MarkObjects: 4.147428 ms  DeleteObjects: 0.119081 ms)

========================================================================
Received Prepare
Registering precompiled user dll's ...
Registered in 0.002719 seconds.
Begin MonoManager ReloadAssembly
Native extension for OSXStandalone target not found
Refreshing native plugins compatible for Editor in 0.96 ms, found 1 plugins.
Preloading 0 native plugins for Editor in 0.00 ms.
Mono: successfully reloaded assembly
- Completed reload, in  2.322 seconds
Platform modules already initialized, skipping
Refreshing native plugins compatible for Editor in 0.97 ms, found 1 plugins.
Preloading 0 native plugins for Editor in 0.00 ms.
Unloading 2677 Unused Serialized files (Serialized files now loaded: 0)
System memory in use before: 180.1 MB.
System memory in use after: 180.3 MB.

Unloading 10 unused Assets to reduce memory usage. Loaded Objects now: 3182.
Total: 5.008711 ms (FindLiveObjects: 0.398916 ms CreateObjectMapping: 0.227077 ms MarkObjects: 4.293347 ms  DeleteObjects: 0.086891 ms)

========================================================================
Received Prepare
Registering precompiled user dll's ...
Registered in 0.009263 seconds.
Begin MonoManager ReloadAssembly
Native extension for OSXStandalone target not found
Refreshing native plugins compatible for Editor in 0.62 ms, found 1 plugins.
Preloading 0 native plugins for Editor in 0.00 ms.
Mono: successfully reloaded assembly
- Completed reload, in  2.113 seconds
Platform modules already initialized, skipping
Refreshing native plugins compatible for Editor in 0.92 ms, found 1 plugins.
Preloading 0 native plugins for Editor in 0.00 ms.
Unloading 2677 Unused Serialized files (Serialized files now loaded: 0)
System memory in use before: 180.4 MB.
System memory in use after: 180.6 MB.

Unloading 10 unused Assets to reduce memory usage. Loaded Objects now: 3185.
Total: 3.073604 ms (FindLiveObjects: 0.276093 ms CreateObjectMapping: 0.184293 ms MarkObjects: 2.546255 ms  DeleteObjects: 0.063960 ms)

========================================================================
Received Prepare
Registering precompiled user dll's ...
Registered in 0.011182 seconds.
Begin MonoManager ReloadAssembly
Native extension for OSXStandalone target not found
Refreshing native plugins compatible for Editor in 0.70 ms, found 1 plugins.
Preloading 0 native plugins for Editor in 0.00 ms.
Mono: successfully reloaded assembly
- Completed reload, in  2.511 seconds
Platform modules already initialized, skipping
Refreshing native plugins compatible for Editor in 0.62 ms, found 1 plugins.
Preloading 0 native plugins for Editor in 0.00 ms.
Unloading 2677 Unused Serialized files (Serialized files now loaded: 0)
System memory in use before: 180.7 MB.
System memory in use after: 180.8 MB.

Unloading 10 unused Assets to reduce memory usage. Loaded Objects now: 3188.
Total: 2.688808 ms (FindLiveObjects: 0.321018 ms CreateObjectMapping: 0.124456 ms MarkObjects: 2.140539 ms  DeleteObjects: 0.101179 ms)

========================================================================
Received Import Request.
  Time since last request: 3151.170090 seconds.
  path: Assets/Coin.cs
  artifactKey: Guid(c51fe2097f8b04067b3f850b7b854db1) Importer(815301076,1909f56bfc062723c751e8b465ee728b)
Start importing Assets/Coin.cs using Guid(c51fe2097f8b04067b3f850b7b854db1) Importer(815301076,1909f56bfc062723c751e8b465ee728b)  -> (artifact id: '3b840f0ae6eabbe40b47268a1706bbed') in 0.045584 seconds 
========================================================================
Received Prepare
Registering precompiled user dll's ...
Registered in 0.004332 seconds.
Begin MonoManager ReloadAssembly
Native extension for OSXStandalone target not found
Refreshing native plugins compatible for Editor in 0.98 ms, found 1 plugins.
Preloading 0 native plugins for Editor in 0.00 ms.
Mono: successfully reloaded assembly
- Completed reload, in  3.014 seconds
Platform modules already initialized, skipping
Refreshing native plugins compatible for Editor in 0.67 ms, found 1 plugins.
Preloading 0 native plugins for Editor in 0.00 ms.
Unloading 2677 Unused Serialized files (Serialized files now loaded: 0)
System memory in use before: 181.0 MB.
System memory in use after: 181.1 MB.

Unloading 10 unused Assets to reduce memory usage. Loaded Objects now: 3191.
Total: 6.577069 ms (FindLiveObjects: 0.467379 ms CreateObjectMapping: 0.260582 ms MarkObjects: 5.747676 ms  DeleteObjects: 0.098784 ms)

========================================================================
Received Import Request.
  Time since last request: 83.440136 seconds.
  path: Assets/Coin.cs
  artifactKey: Guid(c51fe2097f8b04067b3f850b7b854db1) Importer(815301076,1909f56bfc062723c751e8b465ee728b)
Start importing Assets/Coin.cs using Guid(c51fe2097f8b04067b3f850b7b854db1) Importer(815301076,1909f56bfc062723c751e8b465ee728b)  -> (artifact id: '0f80e4a5057b38c3398a9019434fcb5f') in 0.011232 seconds 
========================================================================
Received Prepare
Registering precompiled user dll's ...
Registered in 0.013797 seconds.
Begin MonoManager ReloadAssembly
Native extension for OSXStandalone target not found
Refreshing native plugins compatible for Editor in 1.13 ms, found 1 plugins.
Preloading 0 native plugins for Editor in 0.00 ms.
Mono: successfully reloaded assembly
- Completed reload, in  2.797 seconds
Platform modules already initialized, skipping
Refreshing native plugins compatible for Editor in 0.84 ms, found 1 plugins.
Preloading 0 native plugins for Editor in 0.00 ms.
Unloading 2677 Unused Serialized files (Serialized files now loaded: 0)
System memory in use before: 181.2 MB.
System memory in use after: 181.4 MB.

Unloading 10 unused Assets to reduce memory usage. Loaded Objects now: 3194.
Total: 5.989621 ms (FindLiveObjects: 0.428538 ms CreateObjectMapping: 1.045482 ms MarkObjects: 4.444940 ms  DeleteObjects: 0.068174 ms)

========================================================================
Received Prepare
Registering precompiled user dll's ...
Registered in 0.009691 seconds.
Begin MonoManager ReloadAssembly
Native extension for OSXStandalone target not found
Refreshing native plugins compatible for Editor in 0.97 ms, found 1 plugins.
Preloading 0 native plugins for Editor in 0.00 ms.
Mono: successfully reloaded assembly
- Completed reload, in  3.449 seconds
Platform modules already initialized, skipping
Refreshing native plugins compatible for Editor in 1.21 ms, found 1 plugins.
Preloading 0 native plugins for Editor in 0.00 ms.
Unloading 2677 Unused Serialized files (Serialized files now loaded: 0)
System memory in use before: 181.5 MB.
System memory in use after: 181.7 MB.

Unloading 10 unused Assets to reduce memory usage. Loaded Objects now: 3197.
Total: 5.048238 ms (FindLiveObjects: 0.448643 ms CreateObjectMapping: 0.261451 ms MarkObjects: 4.236232 ms  DeleteObjects: 0.098897 ms)

========================================================================
Received Import Request.
  Time since last request: 195.326791 seconds.
  path: Assets/Coin.cs
  artifactKey: Guid(c51fe2097f8b04067b3f850b7b854db1) Importer(815301076,1909f56bfc062723c751e8b465ee728b)
Start importing Assets/Coin.cs using Guid(c51fe2097f8b04067b3f850b7b854db1) Importer(815301076,1909f56bfc062723c751e8b465ee728b)  -> (artifact id: '7ec69120edabfcfc648a0991722ccbd0') in 0.032000 seconds 
========================================================================
Received Import Request.
  Time since last request: 94.283033 seconds.
  path: Assets/Door.cs
  artifactKey: Guid(056540ede14f24d3ea2b3511d0052e29) Importer(815301076,1909f56bfc062723c751e8b465ee728b)
Start importing Assets/Door.cs using Guid(056540ede14f24d3ea2b3511d0052e29) Importer(815301076,1909f56bfc062723c751e8b465ee728b)  -> (artifact id: 'b0ec88455d4093c1531d909ae183ebbc') in 0.010000 seconds 
========================================================================
Received Prepare
Registering precompiled user dll's ...
Registered in 0.003566 seconds.
Begin MonoManager ReloadAssembly
Native extension for OSXStandalone target not found
Refreshing native plugins compatible for Editor in 1.08 ms, found 1 plugins.
Preloading 0 native plugins for Editor in 0.00 ms.
Mono: successfully reloaded assembly
- Completed reload, in  2.747 seconds
Platform modules already initialized, skipping
Refreshing native plugins compatible for Editor in 1.23 ms, found 1 plugins.
Preloading 0 native plugins for Editor in 0.00 ms.
Unloading 2678 Unused Serialized files (Serialized files now loaded: 0)
System memory in use before: 181.8 MB.
System memory in use after: 182.0 MB.

Unloading 10 unused Assets to reduce memory usage. Loaded Objects now: 3201.
Total: 5.976848 ms (FindLiveObjects: 0.396221 ms CreateObjectMapping: 1.166672 ms MarkObjects: 4.297293 ms  DeleteObjects: 0.114290 ms)

========================================================================
Received Prepare
Registering precompiled user dll's ...
Registered in 0.005672 seconds.
Begin MonoManager ReloadAssembly
Native extension for OSXStandalone target not found
Refreshing native plugins compatible for Editor in 1.33 ms, found 1 plugins.
Preloading 0 native plugins for Editor in 0.00 ms.
Mono: successfully reloaded assembly
- Completed reload, in  3.406 seconds
Platform modules already initialized, skipping
Refreshing native plugins compatible for Editor in 1.41 ms, found 1 plugins.
Preloading 0 native plugins for Editor in 0.00 ms.
Unloading 2678 Unused Serialized files (Serialized files now loaded: 0)
System memory in use before: 182.1 MB.
System memory in use after: 182.3 MB.

Unloading 10 unused Assets to reduce memory usage. Loaded Objects now: 3204.
Total: 5.328544 ms (FindLiveObjects: 0.572747 ms CreateObjectMapping: 0.272200 ms MarkObjects: 4.380117 ms  DeleteObjects: 0.101131 ms)

========================================================================
Received Prepare
Registering precompiled user dll's ...
Registered in 0.010844 seconds.
Begin MonoManager ReloadAssembly
Native extension for OSXStandalone target not found
Refreshing native plugins compatible for Editor in 0.72 ms, found 1 plugins.
Preloading 0 native plugins for Editor in 0.00 ms.
Mono: successfully reloaded assembly
- Completed reload, in  3.073 seconds
Platform modules already initialized, skipping
Refreshing native plugins compatible for Editor in 0.69 ms, found 1 plugins.
Preloading 0 native plugins for Editor in 0.00 ms.
Unloading 2678 Unused Serialized files (Serialized files now loaded: 0)
System memory in use before: 182.4 MB.
System memory in use after: 182.6 MB.

Unloading 10 unused Assets to reduce memory usage. Loaded Objects now: 3207.
Total: 2.924038 ms (FindLiveObjects: 0.272443 ms CreateObjectMapping: 0.128671 ms MarkObjects: 2.444077 ms  DeleteObjects: 0.077292 ms)

========================================================================
Received Prepare
Registering precompiled user dll's ...
Registered in 0.003558 seconds.
Begin MonoManager ReloadAssembly
Native extension for OSXStandalone target not found
Refreshing native plugins compatible for Editor in 0.91 ms, found 1 plugins.
Preloading 0 native plugins for Editor in 0.00 ms.
Mono: successfully reloaded assembly
- Completed reload, in  2.792 seconds
Platform modules already initialized, skipping
Refreshing native plugins compatible for Editor in 1.14 ms, found 1 plugins.
Preloading 0 native plugins for Editor in 0.00 ms.
Unloading 2678 Unused Serialized files (Serialized files now loaded: 0)
System memory in use before: 182.6 MB.
System memory in use after: 182.8 MB.

Unloading 10 unused Assets to reduce memory usage. Loaded Objects now: 3210.
Total: 6.200910 ms (FindLiveObjects: 0.862269 ms CreateObjectMapping: 0.338917 ms MarkObjects: 4.889274 ms  DeleteObjects: 0.108227 ms)

========================================================================
Received Prepare
Registering precompiled user dll's ...
Registered in 0.009090 seconds.
Begin MonoManager ReloadAssembly
Native extension for OSXStandalone target not found
Refreshing native plugins compatible for Editor in 1.92 ms, found 1 plugins.
Preloading 0 native plugins for Editor in 0.00 ms.
Mono: successfully reloaded assembly
- Completed reload, in  2.879 seconds
Platform modules already initialized, skipping
Refreshing native plugins compatible for Editor in 0.68 ms, found 1 plugins.
Preloading 0 native plugins for Editor in 0.00 ms.
Unloading 2678 Unused Serialized files (Serialized files now loaded: 0)
System memory in use before: 182.9 MB.
System memory in use after: 183.1 MB.

Unloading 10 unused Assets to reduce memory usage. Loaded Objects now: 3213.
Total: 3.338370 ms (FindLiveObjects: 0.335255 ms CreateObjectMapping: 0.126427 ms MarkObjects: 2.655011 ms  DeleteObjects: 0.220007 ms)

========================================================================
Received Import Request.
  Time since last request: 1112.377837 seconds.
  path: Assets/Scenes/GameOver.unity
  artifactKey: Guid(32a7fe08b1107428797ebe46f5adf722) Importer(815301076,1909f56bfc062723c751e8b465ee728b)
Start importing Assets/Scenes/GameOver.unity using Guid(32a7fe08b1107428797ebe46f5adf722) Importer(815301076,1909f56bfc062723c751e8b465ee728b)  -> (artifact id: 'becfb9e9f0193fc13fc69bfde189aa23') in 0.042434 seconds 
========================================================================
Received Import Request.
  Time since last request: 170.078788 seconds.
  path: Assets/Free LowPoly SciFi Pack/Scenes/DemoScene.unity
  artifactKey: Guid(a6096f87c0bb6ae47affc4d9c4af4beb) Importer(815301076,1909f56bfc062723c751e8b465ee728b)
Start importing Assets/Free LowPoly SciFi Pack/Scenes/DemoScene.unity using Guid(a6096f87c0bb6ae47affc4d9c4af4beb) Importer(815301076,1909f56bfc062723c751e8b465ee728b)  -> (artifact id: '9b057dbe8500863288276287bda350f1') in 0.006293 seconds 
========================================================================
Received Prepare
Registering precompiled user dll's ...
Registered in 0.009329 seconds.
Begin MonoManager ReloadAssembly
Native extension for OSXStandalone target not found
Refreshing native plugins compatible for Editor in 1.02 ms, found 1 plugins.
Preloading 0 native plugins for Editor in 0.00 ms.
Mono: successfully reloaded assembly
- Completed reload, in  2.910 seconds
Platform modules already initialized, skipping
Refreshing native plugins compatible for Editor in 1.01 ms, found 1 plugins.
Preloading 0 native plugins for Editor in 0.00 ms.
Unloading 2678 Unused Serialized files (Serialized files now loaded: 0)
System memory in use before: 183.2 MB.
System memory in use after: 183.4 MB.

Unloading 10 unused Assets to reduce memory usage. Loaded Objects now: 3216.
Total: 4.834561 ms (FindLiveObjects: 0.415341 ms CreateObjectMapping: 0.592712 ms MarkObjects: 3.729876 ms  DeleteObjects: 0.093485 ms)

========================================================================
Received Import Request.
  Time since last request: 85.305947 seconds.
  path: Assets/Scenes/GameOver.unity
  artifactKey: Guid(32a7fe08b1107428797ebe46f5adf722) Importer(815301076,1909f56bfc062723c751e8b465ee728b)
Start importing Assets/Scenes/GameOver.unity using Guid(32a7fe08b1107428797ebe46f5adf722) Importer(815301076,1909f56bfc062723c751e8b465ee728b)  -> (artifact id: '538d0396637949bc13beabeb40e05f66') in 0.037784 seconds 
========================================================================
Received Prepare
Registering precompiled user dll's ...
Registered in 0.021814 seconds.
Begin MonoManager ReloadAssembly
Native extension for OSXStandalone target not found
Refreshing native plugins compatible for Editor in 1.64 ms, found 1 plugins.
Preloading 0 native plugins for Editor in 0.00 ms.
Mono: successfully reloaded assembly
- Completed reload, in  2.672 seconds
Platform modules already initialized, skipping
Refreshing native plugins compatible for Editor in 0.90 ms, found 1 plugins.
Preloading 0 native plugins for Editor in 0.00 ms.
Unloading 2678 Unused Serialized files (Serialized files now loaded: 0)
System memory in use before: 183.5 MB.
System memory in use after: 183.7 MB.

Unloading 10 unused Assets to reduce memory usage. Loaded Objects now: 3219.
Total: 8.841514 ms (FindLiveObjects: 1.541687 ms CreateObjectMapping: 0.258135 ms MarkObjects: 6.868659 ms  DeleteObjects: 0.169274 ms)

========================================================================
Received Prepare
Registering precompiled user dll's ...
Registered in 0.017226 seconds.
Begin MonoManager ReloadAssembly
Native extension for OSXStandalone target not found
Refreshing native plugins compatible for Editor in 0.77 ms, found 1 plugins.
Preloading 0 native plugins for Editor in 0.00 ms.
Mono: successfully reloaded assembly
- Completed reload, in  2.860 seconds
Platform modules already initialized, skipping
Refreshing native plugins compatible for Editor in 1.19 ms, found 1 plugins.
Preloading 0 native plugins for Editor in 0.00 ms.
Unloading 2678 Unused Serialized files (Serialized files now loaded: 0)
System memory in use before: 183.8 MB.
System memory in use after: 184.0 MB.

Unloading 10 unused Assets to reduce memory usage. Loaded Objects now: 3222.
Total: 2.926456 ms (FindLiveObjects: 0.352151 ms CreateObjectMapping: 0.148696 ms MarkObjects: 2.354939 ms  DeleteObjects: 0.066923 ms)

========================================================================
Received Import Request.
  Time since last request: 641.646493 seconds.
  path: Assets/Scenes/MainMeun.unity
  artifactKey: Guid(63beb11d76dd1474b950df1a98c13116) Importer(815301076,1909f56bfc062723c751e8b465ee728b)
Start importing Assets/Scenes/MainMeun.unity using Guid(63beb11d76dd1474b950df1a98c13116) Importer(815301076,1909f56bfc062723c751e8b465ee728b)  -> (artifact id: '6da7dd6950a05c902248d86fd9bb4f8d') in 0.050981 seconds 
========================================================================
Received Prepare
Registering precompiled user dll's ...
Registered in 0.018518 seconds.
Begin MonoManager ReloadAssembly
Native extension for OSXStandalone target not found
Refreshing native plugins compatible for Editor in 0.77 ms, found 1 plugins.
Preloading 0 native plugins for Editor in 0.00 ms.
Mono: successfully reloaded assembly
- Completed reload, in  3.641 seconds
Platform modules already initialized, skipping
Refreshing native plugins compatible for Editor in 1.69 ms, found 1 plugins.
Preloading 0 native plugins for Editor in 0.00 ms.
Unloading 2678 Unused Serialized files (Serialized files now loaded: 0)
System memory in use before: 184.1 MB.
System memory in use after: 184.3 MB.

Unloading 10 unused Assets to reduce memory usage. Loaded Objects now: 3225.
Total: 3.267723 ms (FindLiveObjects: 0.344029 ms CreateObjectMapping: 0.135160 ms MarkObjects: 2.682729 ms  DeleteObjects: 0.103922 ms)

========================================================================
Received Prepare
Registering precompiled user dll's ...
Registered in 0.011794 seconds.
Begin MonoManager ReloadAssembly
Native extension for OSXStandalone target not found
Refreshing native plugins compatible for Editor in 1.13 ms, found 1 plugins.
Preloading 0 native plugins for Editor in 0.00 ms.
Mono: successfully reloaded assembly
- Completed reload, in  4.127 seconds
Platform modules already initialized, skipping
Refreshing native plugins compatible for Editor in 1.12 ms, found 1 plugins.
Preloading 0 native plugins for Editor in 0.00 ms.
Unloading 2678 Unused Serialized files (Serialized files now loaded: 0)
System memory in use before: 184.4 MB.
System memory in use after: 184.6 MB.

Unloading 10 unused Assets to reduce memory usage. Loaded Objects now: 3228.
Total: 3.575887 ms (FindLiveObjects: 0.299902 ms CreateObjectMapping: 0.131727 ms MarkObjects: 3.050202 ms  DeleteObjects: 0.091983 ms)

========================================================================
Received Prepare
Registering precompiled user dll's ...
Registered in 0.010294 seconds.
Begin MonoManager ReloadAssembly
Native extension for OSXStandalone target not found
Refreshing native plugins compatible for Editor in 1.30 ms, found 1 plugins.
Preloading 0 native plugins for Editor in 0.00 ms.
Mono: successfully reloaded assembly
- Completed reload, in  3.291 seconds
Platform modules already initialized, skipping
Refreshing native plugins compatible for Editor in 0.82 ms, found 1 plugins.
Preloading 0 native plugins for Editor in 0.00 ms.
Unloading 2678 Unused Serialized files (Serialized files now loaded: 0)
System memory in use before: 184.7 MB.
System memory in use after: 184.8 MB.

Unloading 10 unused Assets to reduce memory usage. Loaded Objects now: 3231.
Total: 4.362672 ms (FindLiveObjects: 0.651942 ms CreateObjectMapping: 0.613767 ms MarkObjects: 3.004462 ms  DeleteObjects: 0.076559 ms)

========================================================================
Received Prepare
Registering precompiled user dll's ...
Registered in 0.002560 seconds.
Begin MonoManager ReloadAssembly
Native extension for OSXStandalone target not found
Refreshing native plugins compatible for Editor in 0.65 ms, found 1 plugins.
Preloading 0 native plugins for Editor in 0.00 ms.
Mono: successfully reloaded assembly
- Completed reload, in  2.120 seconds
Platform modules already initialized, skipping
Refreshing native plugins compatible for Editor in 1.06 ms, found 1 plugins.
Preloading 0 native plugins for Editor in 0.00 ms.
Unloading 2678 Unused Serialized files (Serialized files now loaded: 0)
System memory in use before: 184.9 MB.
System memory in use after: 185.1 MB.

Unloading 10 unused Assets to reduce memory usage. Loaded Objects now: 3234.
Total: 4.552282 ms (FindLiveObjects: 0.350488 ms CreateObjectMapping: 0.351931 ms MarkObjects: 3.779930 ms  DeleteObjects: 0.067788 ms)

========================================================================
Received Prepare
Registering precompiled user dll's ...
Registered in 0.018979 seconds.
Begin MonoManager ReloadAssembly
Native extension for OSXStandalone target not found
Refreshing native plugins compatible for Editor in 0.72 ms, found 1 plugins.
Preloading 0 native plugins for Editor in 0.00 ms.
Mono: successfully reloaded assembly
- Completed reload, in  2.367 seconds
Platform modules already initialized, skipping
Refreshing native plugins compatible for Editor in 1.06 ms, found 1 plugins.
Preloading 0 native plugins for Editor in 0.00 ms.
Unloading 2678 Unused Serialized files (Serialized files now loaded: 0)
System memory in use before: 185.2 MB.
System memory in use after: 185.4 MB.

Unloading 10 unused Assets to reduce memory usage. Loaded Objects now: 3237.
Total: 3.070581 ms (FindLiveObjects: 0.359246 ms CreateObjectMapping: 0.136583 ms MarkObjects: 2.491211 ms  DeleteObjects: 0.080904 ms)

========================================================================
Received Prepare
Registering precompiled user dll's ...
Registered in 0.013391 seconds.
Begin MonoManager ReloadAssembly
Native extension for OSXStandalone target not found
Refreshing native plugins compatible for Editor in 2.19 ms, found 1 plugins.
Preloading 0 native plugins for Editor in 0.00 ms.
Mono: successfully reloaded assembly
- Completed reload, in  5.801 seconds
Platform modules already initialized, skipping
Refreshing native plugins compatible for Editor in 1.47 ms, found 1 plugins.
Preloading 0 native plugins for Editor in 0.00 ms.
Unloading 2678 Unused Serialized files (Serialized files now loaded: 0)
System memory in use before: 185.5 MB.
System memory in use after: 185.7 MB.

Unloading 10 unused Assets to reduce memory usage. Loaded Objects now: 3240.
Total: 4.966725 ms (FindLiveObjects: 0.409009 ms CreateObjectMapping: 0.171472 ms MarkObjects: 4.301964 ms  DeleteObjects: 0.081863 ms)

========================================================================
Received Prepare
Registering precompiled user dll's ...
Registered in 0.008970 seconds.
Begin MonoManager ReloadAssembly
Native extension for OSXStandalone target not found
Refreshing native plugins compatible for Editor in 0.67 ms, found 1 plugins.
Preloading 0 native plugins for Editor in 0.00 ms.
Mono: successfully reloaded assembly
- Completed reload, in  2.195 seconds
Platform modules already initialized, skipping
Refreshing native plugins compatible for Editor in 1.37 ms, found 1 plugins.
Preloading 0 native plugins for Editor in 0.00 ms.
Unloading 2678 Unused Serialized files (Serialized files now loaded: 0)
System memory in use before: 185.8 MB.
System memory in use after: 186.0 MB.

Unloading 10 unused Assets to reduce memory usage. Loaded Objects now: 3243.
Total: 2.839900 ms (FindLiveObjects: 0.274470 ms CreateObjectMapping: 0.130376 ms MarkObjects: 2.347249 ms  DeleteObjects: 0.085990 ms)

========================================================================
Received Prepare
Registering precompiled user dll's ...
Registered in 0.015383 seconds.
Begin MonoManager ReloadAssembly
Native extension for OSXStandalone target not found
Refreshing native plugins compatible for Editor in 0.92 ms, found 1 plugins.
Preloading 0 native plugins for Editor in 0.00 ms.
Mono: successfully reloaded assembly
- Completed reload, in  5.969 seconds
Platform modules already initialized, skipping
Refreshing native plugins compatible for Editor in 1.55 ms, found 1 plugins.
Preloading 0 native plugins for Editor in 0.00 ms.
Unloading 2678 Unused Serialized files (Serialized files now loaded: 0)
System memory in use before: 186.1 MB.
System memory in use after: 186.3 MB.

Unloading 10 unused Assets to reduce memory usage. Loaded Objects now: 3246.
Total: 14.474301 ms (FindLiveObjects: 0.589072 ms CreateObjectMapping: 0.406441 ms MarkObjects: 13.355058 ms  DeleteObjects: 0.121228 ms)

========================================================================
Received Prepare
Registering precompiled user dll's ...
Registered in 0.022646 seconds.
Begin MonoManager ReloadAssembly
Native extension for OSXStandalone target not found
Refreshing native plugins compatible for Editor in 1.48 ms, found 1 plugins.
Preloading 0 native plugins for Editor in 0.00 ms.
Mono: successfully reloaded assembly
- Completed reload, in  6.252 seconds
Platform modules already initialized, skipping
Refreshing native plugins compatible for Editor in 0.97 ms, found 1 plugins.
Preloading 0 native plugins for Editor in 0.00 ms.
Unloading 2678 Unused Serialized files (Serialized files now loaded: 0)
System memory in use before: 186.3 MB.
System memory in use after: 186.5 MB.

Unloading 10 unused Assets to reduce memory usage. Loaded Objects now: 3249.
Total: 4.505634 ms (FindLiveObjects: 0.666505 ms CreateObjectMapping: 0.248417 ms MarkObjects: 3.414490 ms  DeleteObjects: 0.173672 ms)

========================================================================
Received Prepare
Refreshing native plugins compatible for Editor in 5.90 ms, found 1 plugins.
Preloading 0 native plugins for Editor in 0.00 ms.
Unloading 8 Unused Serialized files (Serialized files now loaded: 0)
System memory in use before: 133.7 MB.
System memory in use after: 133.9 MB.

Unloading 8 unused Assets to reduce memory usage. Loaded Objects now: 3249.
Total: 31.599159 ms (FindLiveObjects: 1.933683 ms CreateObjectMapping: 0.147418 ms MarkObjects: 29.217402 ms  DeleteObjects: 0.298577 ms)

